2016-04-01 03:20:21,948 Security::TLSCheck::App::BUILD (0215): DEBUG: Logging initialised with non-default config /Users/alvar/Documents/workspace/TLS-Check/t/log-test.properties 
2016-04-01 03:20:21,948 Security::TLSCheck::App::BUILD (0233): TRACE: Load Module Security::TLSCheck::Checks::DNS 
2016-04-01 03:20:21,948 Security::TLSCheck::App::BUILD (0233): TRACE: Load Module Security::TLSCheck::Checks::Web 
2016-04-01 03:20:21,949 Security::TLSCheck::App::BUILD (0233): TRACE: Load Module Security::TLSCheck::Checks::Mail 
2016-04-01 03:20:21,949 Security::TLSCheck::App::BUILD (0233): TRACE: Load Module Security::TLSCheck::Checks::Dummy 
2016-04-01 03:20:21,949 Security::TLSCheck::App::BUILD (0233): TRACE: Load Module Security::TLSCheck::Checks::CipherStrength 
2016-04-01 03:20:21,949 Security::TLSCheck::App::BUILD (0233): TRACE: Load Module Security::TLSCheck::Checks::MailCipherStrength 
2016-04-01 03:20:21,949 Security::TLSCheck::App::BUILD (0233): TRACE: Load Module Security::TLSCheck::Checks::AgeDE 
2016-04-01 03:20:21,949 Security::TLSCheck::App::BUILD (0233): TRACE: Load Module Security::TLSCheck::Checks::Heartbleed 
2016-04-01 03:20:21,950 Security::TLSCheck::App::BUILD (0233): TRACE: Load Module Security::TLSCheck::Checks::CipherStrengthOnlyValidCerts 
2016-04-01 03:20:21,950 Security::TLSCheck::App::BUILD (0233): TRACE: Load Module Security::TLSCheck::Checks::FinalScore 
2016-04-01 03:20:21,951 Security::TLSCheck::App::BUILD (0219): DEBUG: Logging initialised with default config: /Users/alvar/Documents/workspace/TLS-Check/t/../conf/tls-check-logging.properties. 
2016-04-01 03:20:21,952 Security::TLSCheck::App::BUILD (0233): TRACE: Load Module Security::TLSCheck::Checks::Nonexistent 
2016-04-01 03:20:21,952 Log::Log4perl::EasyCatch::__ANON__ (0094): TRACE: Exception caught (executing eval): Can't locate Security/TLSCheck/Checks/Nonexistent.pm in @INC (you may need to install the Security::TLSCheck::Checks::Nonexistent module) (@INC contains: /Users/alvar/Documents/workspace/TLS-Check/blib/lib /Users/alvar/Documents/workspace/TLS-Check/blib/arch /usr/local/perl/perlbrew/perls/perl-5.20.1/lib/site_perl/5.20.1/darwin-2level /usr/local/perl/perlbrew/perls/perl-5.20.1/lib/site_perl/5.20.1 /usr/local/perl/perlbrew/perls/perl-5.20.1/lib/5.20.1/darwin-2level /usr/local/perl/perlbrew/perls/perl-5.20.1/lib/5.20.1 .) at (eval 707) line 1. 
2016-04-01 03:20:21,952 Log::Log4perl::EasyCatch::__ANON__ (0094): TRACE: Exception caught (executing eval): Can't use check Nonexistent: Can't locate Security/TLSCheck/Checks/Nonexistent.pm in @INC (you may need to install the Security::TLSCheck::Checks::Nonexistent module) (@INC contains: /Users/alvar/Documents/workspace/TLS-Check/blib/lib /Users/alvar/Documents/workspace/TLS-Check/blib/arch /usr/local/perl/perlbrew/perls/perl-5.20.1/lib/site_perl/5.20.1/darwin-2level /usr/local/perl/perlbrew/perls/perl-5.20.1/lib/site_perl/5.20.1 /usr/local/perl/perlbrew/perls/perl-5.20.1/lib/5.20.1/darwin-2level /usr/local/perl/perlbrew/perls/perl-5.20.1/lib/5.20.1 .) at (eval 707) line 1.
 
2016-04-01 03:20:21,953 Security::TLSCheck::App::BUILD (0219): DEBUG: Logging initialised with default config: /Users/alvar/Documents/workspace/TLS-Check/t/../conf/tls-check-logging.properties. 
2016-04-01 03:20:21,953 Security::TLSCheck::App::BUILD (0233): TRACE: Load Module Security::TLSCheck::Checks::Dummy 
2016-04-01 03:20:21,953 Security::TLSCheck::run_all_checks (0106): DEBUG: run all checks for test.example 
2016-04-01 03:20:21,953 Security::TLSCheck::run_all_checks (0118): DEBUG: run check Dummy on test.example 
2016-04-01 03:20:21,954 Security::TLSCheck::Checks::result (0208): DEBUG: build result for Dummy, domain test.example 
2016-04-01 03:20:21,954 Security::TLSCheck::Checks::result (0210): DEBUG: OK, result built for Dummy, domain test.example 
2016-04-01 03:20:21,954 Security::TLSCheck::run_all_checks (0121): DEBUG: Check Dummy on test.example done in 0.000 seconds 
2016-04-01 03:20:21,954 Security::TLSCheck::run_all_checks (0106): DEBUG: run all checks for test.example 
2016-04-01 03:20:21,954 Security::TLSCheck::run_all_checks (0118): DEBUG: run check Dummy on test.example 
2016-04-01 03:20:21,954 Security::TLSCheck::Checks::result (0208): DEBUG: build result for Dummy, domain test.example 
2016-04-01 03:20:21,955 Security::TLSCheck::Checks::result (0210): DEBUG: OK, result built for Dummy, domain test.example 
2016-04-01 03:20:21,955 Security::TLSCheck::run_all_checks (0121): DEBUG: Check Dummy on test.example done in 0.000 seconds 
2016-04-01 03:20:21,959 Security::TLSCheck::App::BUILD (0219): DEBUG: Logging initialised with default config: /Users/alvar/Documents/workspace/TLS-Check/t/../conf/tls-check-logging.properties. 
2016-04-01 03:20:21,959 Security::TLSCheck::App::BUILD (0233): TRACE: Load Module Security::TLSCheck::Checks::Dummy 
2016-04-01 03:20:21,959 Security::TLSCheck::run_all_checks (0106): DEBUG: run all checks for my-tls-check.nonexistent-example.de 
2016-04-01 03:20:21,959 Security::TLSCheck::run_all_checks (0118): DEBUG: run check Dummy on my-tls-check.nonexistent-example.de 
2016-04-01 03:20:21,960 Security::TLSCheck::Checks::result (0208): DEBUG: build result for Dummy, domain my-tls-check.nonexistent-example.de 
2016-04-01 03:20:21,960 Security::TLSCheck::Checks::result (0210): DEBUG: OK, result built for Dummy, domain my-tls-check.nonexistent-example.de 
2016-04-01 03:20:21,960 Security::TLSCheck::run_all_checks (0121): DEBUG: Check Dummy on my-tls-check.nonexistent-example.de done in 0.000 seconds 
